cp /Users/ogonki-vetochki/.config/roswell/src/sbcl-1.4.16-x86-64-darwin/obj/sbcl-home/contrib//uiop.fasl /Users/ogonki-vetochki/.config/roswell/src/sbcl-1.4.16-x86-64-darwin/obj/sbcl-home/contrib//asdf.fasl "/Users/ogonki-vetochki/.config/roswell/impls/x86-64/darwin/sbcl-bin/1.4.16/lib/sbcl/contrib/"
cp /Users/ogonki-vetochki/.config/roswell/src/sbcl-1.4.16-x86-64-darwin/obj/sbcl-home/contrib//sb-aclrepl.fasl /Users/ogonki-vetochki/.config/roswell/src/sbcl-1.4.16-x86-64-darwin/obj/sbcl-home/contrib//sb-aclrepl.asd "/Users/ogonki-vetochki/.config/roswell/impls/x86-64/darwin/sbcl-bin/1.4.16/lib/sbcl/contrib/"
cp /Users/ogonki-vetochki/.config/roswell/src/sbcl-1.4.16-x86-64-darwin/obj/sbcl-home/contrib//sb-bsd-sockets.fasl /Users/ogonki-vetochki/.config/roswell/src/sbcl-1.4.16-x86-64-darwin/obj/sbcl-home/contrib//sb-bsd-sockets.asd "/Users/ogonki-vetochki/.config/roswell/impls/x86-64/darwin/sbcl-bin/1.4.16/lib/sbcl/contrib/"
cp /Users/ogonki-vetochki/.config/roswell/src/sbcl-1.4.16-x86-64-darwin/obj/sbcl-home/contrib//sb-capstone.fasl /Users/ogonki-vetochki/.config/roswell/src/sbcl-1.4.16-x86-64-darwin/obj/sbcl-home/contrib//sb-capstone.asd "/Users/ogonki-vetochki/.config/roswell/impls/x86-64/darwin/sbcl-bin/1.4.16/lib/sbcl/contrib/"
cp /Users/ogonki-vetochki/.config/roswell/src/sbcl-1.4.16-x86-64-darwin/obj/sbcl-home/contrib//sb-cltl2.fasl /Users/ogonki-vetochki/.config/roswell/src/sbcl-1.4.16-x86-64-darwin/obj/sbcl-home/contrib//sb-cltl2.asd "/Users/ogonki-vetochki/.config/roswell/impls/x86-64/darwin/sbcl-bin/1.4.16/lib/sbcl/contrib/"
cp /Users/ogonki-vetochki/.config/roswell/src/sbcl-1.4.16-x86-64-darwin/obj/sbcl-home/contrib//sb-concurrency.fasl /Users/ogonki-vetochki/.config/roswell/src/sbcl-1.4.16-x86-64-darwin/obj/sbcl-home/contrib//sb-concurrency.asd "/Users/ogonki-vetochki/.config/roswell/impls/x86-64/darwin/sbcl-bin/1.4.16/lib/sbcl/contrib/"
cp /Users/ogonki-vetochki/.config/roswell/src/sbcl-1.4.16-x86-64-darwin/obj/sbcl-home/contrib//sb-cover.fasl /Users/ogonki-vetochki/.config/roswell/src/sbcl-1.4.16-x86-64-darwin/obj/sbcl-home/contrib//sb-cover.asd "/Users/ogonki-vetochki/.config/roswell/impls/x86-64/darwin/sbcl-bin/1.4.16/lib/sbcl/contrib/"
cp /Users/ogonki-vetochki/.config/roswell/src/sbcl-1.4.16-x86-64-darwin/obj/sbcl-home/contrib//sb-executable.fasl /Users/ogonki-vetochki/.config/roswell/src/sbcl-1.4.16-x86-64-darwin/obj/sbcl-home/contrib//sb-executable.asd "/Users/ogonki-vetochki/.config/roswell/impls/x86-64/darwin/sbcl-bin/1.4.16/lib/sbcl/contrib/"
cp /Users/ogonki-vetochki/.config/roswell/src/sbcl-1.4.16-x86-64-darwin/obj/sbcl-home/contrib//sb-gmp.fasl /Users/ogonki-vetochki/.config/roswell/src/sbcl-1.4.16-x86-64-darwin/obj/sbcl-home/contrib//sb-gmp.asd "/Users/ogonki-vetochki/.config/roswell/impls/x86-64/darwin/sbcl-bin/1.4.16/lib/sbcl/contrib/"
cp /Users/ogonki-vetochki/.config/roswell/src/sbcl-1.4.16-x86-64-darwin/obj/sbcl-home/contrib//sb-grovel.fasl /Users/ogonki-vetochki/.config/roswell/src/sbcl-1.4.16-x86-64-darwin/obj/sbcl-home/contrib//sb-grovel.asd "/Users/ogonki-vetochki/.config/roswell/impls/x86-64/darwin/sbcl-bin/1.4.16/lib/sbcl/contrib/"
cp /Users/ogonki-vetochki/.config/roswell/src/sbcl-1.4.16-x86-64-darwin/obj/sbcl-home/contrib//sb-introspect.fasl /Users/ogonki-vetochki/.config/roswell/src/sbcl-1.4.16-x86-64-darwin/obj/sbcl-home/contrib//sb-introspect.asd "/Users/ogonki-vetochki/.config/roswell/impls/x86-64/darwin/sbcl-bin/1.4.16/lib/sbcl/contrib/"
cp /Users/ogonki-vetochki/.config/roswell/src/sbcl-1.4.16-x86-64-darwin/obj/sbcl-home/contrib//sb-md5.fasl /Users/ogonki-vetochki/.config/roswell/src/sbcl-1.4.16-x86-64-darwin/obj/sbcl-home/contrib//sb-md5.asd "/Users/ogonki-vetochki/.config/roswell/impls/x86-64/darwin/sbcl-bin/1.4.16/lib/sbcl/contrib/"
cp /Users/ogonki-vetochki/.config/roswell/src/sbcl-1.4.16-x86-64-darwin/obj/sbcl-home/contrib//sb-mpfr.fasl /Users/ogonki-vetochki/.config/roswell/src/sbcl-1.4.16-x86-64-darwin/obj/sbcl-home/contrib//sb-mpfr.asd "/Users/ogonki-vetochki/.config/roswell/impls/x86-64/darwin/sbcl-bin/1.4.16/lib/sbcl/contrib/"
cp /Users/ogonki-vetochki/.config/roswell/src/sbcl-1.4.16-x86-64-darwin/obj/sbcl-home/contrib//sb-posix.fasl /Users/ogonki-vetochki/.config/roswell/src/sbcl-1.4.16-x86-64-darwin/obj/sbcl-home/contrib//sb-posix.asd "/Users/ogonki-vetochki/.config/roswell/impls/x86-64/darwin/sbcl-bin/1.4.16/lib/sbcl/contrib/"
cp /Users/ogonki-vetochki/.config/roswell/src/sbcl-1.4.16-x86-64-darwin/obj/sbcl-home/contrib//sb-queue.fasl /Users/ogonki-vetochki/.config/roswell/src/sbcl-1.4.16-x86-64-darwin/obj/sbcl-home/contrib//sb-queue.asd "/Users/ogonki-vetochki/.config/roswell/impls/x86-64/darwin/sbcl-bin/1.4.16/lib/sbcl/contrib/"
cp /Users/ogonki-vetochki/.config/roswell/src/sbcl-1.4.16-x86-64-darwin/obj/sbcl-home/contrib//sb-rotate-byte.fasl /Users/ogonki-vetochki/.config/roswell/src/sbcl-1.4.16-x86-64-darwin/obj/sbcl-home/contrib//sb-rotate-byte.asd "/Users/ogonki-vetochki/.config/roswell/impls/x86-64/darwin/sbcl-bin/1.4.16/lib/sbcl/contrib/"
cp /Users/ogonki-vetochki/.config/roswell/src/sbcl-1.4.16-x86-64-darwin/obj/sbcl-home/contrib//sb-rt.fasl /Users/ogonki-vetochki/.config/roswell/src/sbcl-1.4.16-x86-64-darwin/obj/sbcl-home/contrib//sb-rt.asd "/Users/ogonki-vetochki/.config/roswell/impls/x86-64/darwin/sbcl-bin/1.4.16/lib/sbcl/contrib/"
cp /Users/ogonki-vetochki/.config/roswell/src/sbcl-1.4.16-x86-64-darwin/obj/sbcl-home/contrib//sb-simple-streams.fasl /Users/ogonki-vetochki/.config/roswell/src/sbcl-1.4.16-x86-64-darwin/obj/sbcl-home/contrib//sb-simple-streams.asd "/Users/ogonki-vetochki/.config/roswell/impls/x86-64/darwin/sbcl-bin/1.4.16/lib/sbcl/contrib/"
cp /Users/ogonki-vetochki/.config/roswell/src/sbcl-1.4.16-x86-64-darwin/obj/sbcl-home/contrib//sb-sprof.fasl /Users/ogonki-vetochki/.config/roswell/src/sbcl-1.4.16-x86-64-darwin/obj/sbcl-home/contrib//sb-sprof.asd "/Users/ogonki-vetochki/.config/roswell/impls/x86-64/darwin/sbcl-bin/1.4.16/lib/sbcl/contrib/"

SBCL has been installed:
 binary /Users/ogonki-vetochki/.config/roswell/impls/x86-64/darwin/sbcl-bin/1.4.16/bin/sbcl
 core and contribs in /Users/ogonki-vetochki/.config/roswell/impls/x86-64/darwin/sbcl-bin/1.4.16/lib/sbcl/

Documentation:
 man /Users/ogonki-vetochki/.config/roswell/impls/x86-64/darwin/sbcl-bin/1.4.16/share/man/man1/sbcl.1
